#! /usr/bin/vvp
:ivl_version "12.0 (stable)";
:ivl_delay_selection "TYPICAL";
:vpi_time_precision + 0;
:vpi_module "/usr/lib/x86_64-linux-gnu/ivl/system.vpi";
:vpi_module "/usr/lib/x86_64-linux-gnu/ivl/vhdl_sys.vpi";
:vpi_module "/usr/lib/x86_64-linux-gnu/ivl/vhdl_textio.vpi";
:vpi_module "/usr/lib/x86_64-linux-gnu/ivl/v2005_math.vpi";
:vpi_module "/usr/lib/x86_64-linux-gnu/ivl/va_math.vpi";
S_0x56ed49333510 .scope module, "sum4_v2" "sum4_v2" 2 1;
 .timescale 0 0;
    .port_info 0 /OUTPUT 4 "S";
    .port_info 1 /OUTPUT 1 "c_out";
    .port_info 2 /INPUT 4 "A";
    .port_info 3 /INPUT 4 "B";
    .port_info 4 /INPUT 1 "c_in";
o0x762f8348a018 .functor BUFZ 4, C4<zzzz>; HiZ drive
v0x56ed493336a0_0 .net "A", 3 0, o0x762f8348a018;  0 drivers
o0x762f8348a048 .functor BUFZ 4, C4<zzzz>; HiZ drive
v0x56ed4937c3f0_0 .net "B", 3 0, o0x762f8348a048;  0 drivers
v0x56ed4937c4d0_0 .net "S", 3 0, L_0x56ed4937d090;  1 drivers
L_0x762f830ce060 .functor BUFT 1, C4<0>, C4<0>, C4<0>, C4<0>;
v0x56ed4937c5c0_0 .net *"_ivl_10", 0 0, L_0x762f830ce060;  1 drivers
v0x56ed4937c6a0_0 .net *"_ivl_11", 4 0, L_0x56ed4937d430;  1 drivers
v0x56ed4937c7d0_0 .net *"_ivl_13", 4 0, L_0x56ed4937d570;  1 drivers
L_0x762f830ce0a8 .functor BUFT 1, C4<0000>, C4<0>, C4<0>, C4<0>;
v0x56ed4937c8b0_0 .net *"_ivl_16", 3 0, L_0x762f830ce0a8;  1 drivers
v0x56ed4937c990_0 .net *"_ivl_17", 4 0, L_0x56ed4937d6d0;  1 drivers
v0x56ed4937ca70_0 .net *"_ivl_3", 4 0, L_0x56ed4937d160;  1 drivers
L_0x762f830ce018 .functor BUFT 1, C4<0>, C4<0>, C4<0>, C4<0>;
v0x56ed4937cbe0_0 .net *"_ivl_6", 0 0, L_0x762f830ce018;  1 drivers
v0x56ed4937ccc0_0 .net *"_ivl_7", 4 0, L_0x56ed4937d2b0;  1 drivers
o0x762f8348a228 .functor BUFZ 1, C4<z>; HiZ drive
v0x56ed4937cda0_0 .net "c_in", 0 0, o0x762f8348a228;  0 drivers
v0x56ed4937ce60_0 .net "c_out", 0 0, L_0x56ed4937cfc0;  1 drivers
L_0x56ed4937cfc0 .part L_0x56ed4937d6d0, 4, 1;
L_0x56ed4937d090 .part L_0x56ed4937d6d0, 0, 4;
L_0x56ed4937d160 .concat [ 4 1 0 0], o0x762f8348a018, L_0x762f830ce018;
L_0x56ed4937d2b0 .concat [ 4 1 0 0], o0x762f8348a048, L_0x762f830ce060;
L_0x56ed4937d430 .arith/sum 5, L_0x56ed4937d160, L_0x56ed4937d2b0;
L_0x56ed4937d570 .concat [ 1 4 0 0], o0x762f8348a228, L_0x762f830ce0a8;
L_0x56ed4937d6d0 .arith/sum 5, L_0x56ed4937d430, L_0x56ed4937d570;
# The file index is used to find the file name in the following table.
:file_names 3;
    "N/A";
    "<interactive>";
    "sum4_v2.v";
